# Logfile created on 2015-01-14 07:57:28 +0000 by logger.rb/44203
I, [2015-01-14T07:57:51.160581 #2645]  INFO -- : Empty session, redirect to login page...
I, [2015-01-14T08:28:57.728868 #2957]  INFO -- : Empty session, redirect to login page...
W, [2015-01-14T08:34:59.348759 #3124]  WARN -- : no implicit conversion of nil into String
W, [2015-01-14T08:34:59.349002 #3124]  WARN -- : no implicit conversion of nil into String
W, [2015-01-14T08:34:59.349167 #3124]  WARN -- : no implicit conversion of nil into String
W, [2015-01-14T08:34:59.359569 #3124]  WARN -- : uninitialized constant Arowana::Page::HomePage
W, [2015-01-14T08:34:59.359766 #3124]  WARN -- : uninitialized constant Arowana::Page::LoginPage
I, [2015-01-14T08:35:06.154473 #3124]  INFO -- : Empty session, redirect to login page...
I, [2015-01-14T08:35:06.742485 #3124]  INFO -- : Empty session, redirect to login page...
W, [2015-01-14T08:35:40.816959 #3144]  WARN -- : no implicit conversion of nil into String
W, [2015-01-14T08:35:40.817539 #3144]  WARN -- : no implicit conversion of nil into String
W, [2015-01-14T08:35:40.817829 #3144]  WARN -- : no implicit conversion of nil into String
W, [2015-01-14T08:35:40.827401 #3144]  WARN -- : uninitialized constant Arowana::Page::HomePage
W, [2015-01-14T08:35:40.827640 #3144]  WARN -- : uninitialized constant Arowana::Page::LoginPage
W, [2015-01-14T08:37:29.631850 #3184]  WARN -- : no implicit conversion of nil into String
W, [2015-01-14T08:37:29.632157 #3184]  WARN -- : no implicit conversion of nil into String
W, [2015-01-14T08:37:29.632342 #3184]  WARN -- : no implicit conversion of nil into String
W, [2015-01-14T08:37:29.638495 #3184]  WARN -- : uninitialized constant Arowana::Page::HomePage
W, [2015-01-14T08:37:29.638707 #3184]  WARN -- : uninitialized constant Arowana::Page::LoginPage
W, [2015-01-14T08:42:16.446877 #3253]  WARN -- : no implicit conversion of nil into String
W, [2015-01-14T08:42:16.447121 #3253]  WARN -- : no implicit conversion of nil into String
W, [2015-01-14T08:42:16.447272 #3253]  WARN -- : no implicit conversion of nil into String
W, [2015-01-14T08:42:16.454986 #3253]  WARN -- : uninitialized constant Arowana::Page::HomePage
W, [2015-01-14T08:42:16.455369 #3253]  WARN -- : uninitialized constant Arowana::Page::LoginPage
I, [2015-01-14T08:43:03.494025 #3253]  INFO -- : Empty session, redirect to login page...
I, [2015-01-14T08:43:04.066370 #3253]  INFO -- : Empty session, redirect to login page...
W, [2015-01-14T08:44:20.303376 #3301]  WARN -- : no implicit conversion of nil into String
W, [2015-01-14T08:44:20.303945 #3301]  WARN -- : no implicit conversion of nil into String
W, [2015-01-14T08:44:20.304246 #3301]  WARN -- : no implicit conversion of nil into String
W, [2015-01-14T08:44:20.313538 #3301]  WARN -- : uninitialized constant Arowana::Page::HomePage
W, [2015-01-14T08:44:20.313766 #3301]  WARN -- : uninitialized constant Arowana::Page::LoginPage
W, [2015-01-14T08:44:51.609441 #3318]  WARN -- : no implicit conversion of nil into String
W, [2015-01-14T08:44:51.609823 #3318]  WARN -- : no implicit conversion of nil into String
W, [2015-01-14T08:44:51.610138 #3318]  WARN -- : no implicit conversion of nil into String
W, [2015-01-14T08:44:51.616935 #3318]  WARN -- : uninitialized constant Arowana::Page::HomePage
W, [2015-01-14T08:44:51.617113 #3318]  WARN -- : uninitialized constant Arowana::Page::LoginPage
I, [2015-01-14T08:49:29.441126 #3379]  INFO -- : Empty session, redirect to login page...
I, [2015-01-14T08:52:14.944001 #3471]  INFO -- : Empty session, redirect to login page...
I, [2015-01-14T08:56:01.669294 #3571]  INFO -- : Empty session, redirect to login page...
